<?xml version="1.0" encoding="UTF-8"?>
<Site BuildName="Linux-g++"
	BuildStamp="20231125-0015-Experimental"
	Name="745dc353ecfd"
	Generator="ctest-3.22.1"
	CompilerName="/usr/bin/g++"
	CompilerVersion="11.3.0"
	OSName="Linux"
	Hostname="ce225a32725e"
	OSRelease="5.15.49-linuxkit-pr"
	OSVersion="#1 SMP Thu May 25 07:17:40 UTC 2023"
	OSPlatform="x86_64"
	Is64Bits="1"
	VendorString="GenuineIntel"
	VendorID="Intel Corporation"
	FamilyID="6"
	ModelID="142"
	ProcessorCacheSize="6144"
	NumberOfLogicalCPU="4"
	NumberOfPhysicalCPU="4"
	TotalVirtualMemory="1023"
	TotalPhysicalMemory="3933"
	LogicalProcessorsPerPhysical="1"
	ProcessorClockFrequency="1392.01"
	>
	<Testing>
		<StartDateTime>Nov 25 00:15 UTC</StartDateTime>
		<StartTestTime>1700871351</StartTestTime>
		<TestList>
			<Test>./RedSocial.eliminar_usuario_ver_conocidos_popular_no_cambia</Test>
		</TestList>
		<Test Status="passed">
			<Name>RedSocial.eliminar_usuario_ver_conocidos_popular_no_cambia</Name>
			<Path>.</Path>
			<FullName>./RedSocial.eliminar_usuario_ver_conocidos_popular_no_cambia</FullName>
			<FullCommandLine>/workspaces/TP\ RedSocial/build/red_social_tests "--gtest_filter=RedSocial.eliminar_usuario_ver_conocidos_popular_no_cambia" "--gtest_also_run_disabled_tests"</FullCommandLine>
			<Results>
				<NamedMeasurement type="numeric/double" name="Execution Time">
					<Value>0.0191125</Value>
				</NamedMeasurement>
				<NamedMeasurement type="numeric/double" name="Processors">
					<Value>1</Value>
				</NamedMeasurement>
				<NamedMeasurement type="text/string" name="Completion Status">
					<Value>Completed</Value>
				</NamedMeasurement>
				<NamedMeasurement type="text/string" name="Command Line">
					<Value>/workspaces/TP\ RedSocial/build/red_social_tests "--gtest_filter=RedSocial.eliminar_usuario_ver_conocidos_popular_no_cambia" "--gtest_also_run_disabled_tests"</Value>
				</NamedMeasurement>
				<NamedMeasurement type="text/string" name="Environment">
					<Value>#CTEST_RESOURCE_GROUP_COUNT=</Value>
				</NamedMeasurement>
				<Measurement>
					<Value encoding="base64" compression="gzip">eJylUMtqwzAQvOsr9hgfbJFrIYdCSw6FNNjpyRghyxsjKmmNHsnv14+QJoVCIHPaZYbZnSmTc9r1YKV2qwyOnizwM/nvMEiFgR/2UGJXkdLS8DZp03HR4RB4T9QbjBhiHry6Wfm8TpOYTAul2I4ivsB2lsBhZOCoTUQPm1/zAo222kkvUkjSaxIn9EKRG9mOghhoSGZkHQklbaslqzdXNFBecqwhzv5Tjsscko5YsDq/ooGtoVaahUd30p6cRTdqMeZp+CO+9bz+y2oov3Ywo3kqxuIBnx9P+cBqDTZkD3y+KCFSlCZjj/USUfq8o7O7b/2/tsFLV9zfGWPuX6vq/W2qa9EW7AfqRdcc====</Value>
				</Measurement>
			</Results>
		</Test>
		<EndDateTime>Nov 25 00:15 UTC</EndDateTime>
		<EndTestTime>1700871351</EndTestTime>
		<ElapsedMinutes>0</ElapsedMinutes>
	</Testing>
</Site>
