<?xml version="1.0" encoding="UTF-8"?>
<Site BuildName="Linux-g++"
	BuildStamp="20231120-1449-Experimental"
	Name="745dc353ecfd"
	Generator="ctest-3.22.1"
	CompilerName="/usr/bin/g++"
	CompilerVersion="11.3.0"
	OSName="Linux"
	Hostname="745dc353ecfd"
	OSRelease="5.15.49-linuxkit-pr"
	OSVersion="#1 SMP Thu May 25 07:17:40 UTC 2023"
	OSPlatform="x86_64"
	Is64Bits="1"
	VendorString="GenuineIntel"
	VendorID="Intel Corporation"
	FamilyID="6"
	ModelID="142"
	ProcessorCacheSize="6144"
	NumberOfLogicalCPU="4"
	NumberOfPhysicalCPU="4"
	TotalVirtualMemory="1023"
	TotalPhysicalMemory="3933"
	LogicalProcessorsPerPhysical="1"
	ProcessorClockFrequency="1392.07"
	>
	<Testing>
		<StartDateTime>Nov 20 14:49 UTC</StartDateTime>
		<StartTestTime>1700491741</StartTestTime>
		<TestList/>
		<EndDateTime>Nov 20 14:49 UTC</EndDateTime>
		<EndTestTime>1700491741</EndTestTime>
		<ElapsedMinutes>0</ElapsedMinutes>
	</Testing>
</Site>
